<?xml version="1.0" encoding="UTF-8"?>
<!-- Generated by org.testng.reporters.JUnitXMLReporter -->
<testsuite ignored="0" hostname="LENOVO-16" failures="1" tests="1" name="Abhijeet Tests" time="65.564" errors="0" timestamp="2023-01-08T18:48:06 IST">
  <testcase classname="testCases.TC_001_AccountRegistration" name="test_account_Registration" time="11.075">
    <failure type="java.lang.AssertionError" message="null">
      <![CDATA[java.lang.AssertionError: null
at testCases.TC_001_AccountRegistration.test_account_Registration(TC_001_AccountRegistration.java:67)
at java.base/java.util.ArrayList.forEach(ArrayList.java:1511)
... Removed 27 stack frames]]>
    </failure>
  </testcase> <!-- test_account_Registration -->
</testsuite> <!-- Abhijeet Tests -->
