<?xml version="1.0" encoding="UTF-8"?>
<!-- Generated by org.testng.reporters.JUnitXMLReporter -->
<testsuite ignored="0" hostname="LENOVO-16" failures="0" tests="1" name="chrometest" time="0.137" errors="0" timestamp="2023-01-06T20:08:06 IST">
  <testcase classname="testBase.BaseClass" name="@BeforeClass setup" time="-1.673015886596E9">
    <failure type="org.testng.TestNGException" message="
Parameter &amp;apos;broswer&amp;apos; is required by BeforeClass on method setup but has not been marked @Optional or defined
in C:\Users\Lenovo\Downloads\Desktop\selenium training opencart application\selenium-training\abhijeet\crossbrowser.xml">
      <![CDATA[org.testng.TestNGException: 
Parameter 'broswer' is required by BeforeClass on method setup but has not been marked @Optional or defined
in C:\Users\Lenovo\Downloads\Desktop\selenium training opencart application\selenium-training\abhijeet\crossbrowser.xml
at java.base/java.util.ArrayList.forEach(ArrayList.java:1511)
at java.base/java.util.concurrent.FutureTask.run(FutureTask.java:264)
at java.base/java.util.concurrent.ThreadPoolExecutor.runWorker(ThreadPoolExecutor.java:1136)
at java.base/java.util.concurrent.ThreadPoolExecutor$Worker.run(ThreadPoolExecutor.java:635)
at java.base/java.lang.Thread.run(Thread.java:833)
... Removed 12 stack frames]]>
    </failure>
  </testcase> <!-- @BeforeClass setup -->
  <testcase classname="testBase.BaseClass" name="@BeforeClass setup" time="-1.673015886595E9">
    <failure type="org.testng.TestNGException" message="
Parameter &amp;apos;broswer&amp;apos; is required by BeforeClass on method setup but has not been marked @Optional or defined
in C:\Users\Lenovo\Downloads\Desktop\selenium training opencart application\selenium-training\abhijeet\crossbrowser.xml">
      <![CDATA[org.testng.TestNGException: 
Parameter 'broswer' is required by BeforeClass on method setup but has not been marked @Optional or defined
in C:\Users\Lenovo\Downloads\Desktop\selenium training opencart application\selenium-training\abhijeet\crossbrowser.xml
at java.base/java.util.ArrayList.forEach(ArrayList.java:1511)
at java.base/java.util.concurrent.FutureTask.run(FutureTask.java:264)
at java.base/java.util.concurrent.ThreadPoolExecutor.runWorker(ThreadPoolExecutor.java:1136)
at java.base/java.util.concurrent.ThreadPoolExecutor$Worker.run(ThreadPoolExecutor.java:635)
at java.base/java.lang.Thread.run(Thread.java:833)
... Removed 12 stack frames]]>
    </failure>
  </testcase> <!-- @BeforeClass setup -->
  <testcase classname="testBase.BaseClass" name="@AfterClass tearDown" time="0.0">
    <skipped/>
  </testcase> <!-- @AfterClass tearDown -->
  <testcase classname="testBase.BaseClass" name="@AfterClass tearDown" time="0.0">
    <skipped/>
  </testcase> <!-- @AfterClass tearDown -->
  <testcase classname="testCases.TC_001_AccountRegistration" name="test_account_Registration" time="0.0">
    <skipped/>
  </testcase> <!-- test_account_Registration -->
</testsuite> <!-- chrometest -->
