<?xml version="1.0" encoding="UTF-8"?>
<!-- Generated by org.testng.reporters.JUnitXMLReporter -->
<testsuite ignored="0" hostname="LENOVO-16" failures="0" tests="1" name="Opencart Tests" time="0.112" errors="0" timestamp="2023-01-06T20:13:56 IST">
  <testcase classname="testBase.BaseClass" name="@BeforeClass setup" time="-1.673016236819E9">
    <failure type="org.testng.TestNGException" message="
Parameter &amp;apos;broswer&amp;apos; is required by BeforeClass on method setup but has not been marked @Optional or defined
in C:\Users\Lenovo\Downloads\Desktop\selenium training opencart application\selenium-training\abhijeet\mastersuite.xml">
      <![CDATA[org.testng.TestNGException: 
Parameter 'broswer' is required by BeforeClass on method setup but has not been marked @Optional or defined
in C:\Users\Lenovo\Downloads\Desktop\selenium training opencart application\selenium-training\abhijeet\mastersuite.xml
at java.base/java.util.ArrayList.forEach(ArrayList.java:1511)
... Removed 22 stack frames]]>
    </failure>
  </testcase> <!-- @BeforeClass setup -->
  <testcase classname="testBase.BaseClass" name="@AfterClass tearDown" time="0.0">
    <skipped/>
  </testcase> <!-- @AfterClass tearDown -->
  <testcase classname="testCases.TC_001_AccountRegistration" name="test_account_Registration" time="0.0">
    <skipped/>
  </testcase> <!-- test_account_Registration -->
</testsuite> <!-- Opencart Tests -->
